# JRE version: OpenJDK Runtime Environment (8.0_152-b06) (build 1.8.0_152-release-1136-b06)
# Java VM: OpenJDK 64-Bit Server VM (25.152-b06 mixed mode windows-amd64 compressed oops)
Heap:
 PSYoungGen      total 200704K, used 158585K [0x00000000e0000000, 0x00000000eed80000, 0x0000000100000000)
  eden space 190976K, 79% used [0x00000000e0000000,0x00000000e9481cb0,0x00000000eba80000)
  from space 9728K, 66% used [0x00000000ec880000,0x00000000ecedc850,0x00000000ed200000)
  to   space 14336K, 0% used [0x00000000eba80000,0x00000000eba80000,0x00000000ec880000)
 ParOldGen       total 83456K, used 34230K [0x00000000a0000000, 0x00000000a5180000, 0x00000000e0000000)
  object space 83456K, 41% used [0x00000000a0000000,0x00000000a216d9a0,0x00000000a5180000)
 Metaspace       used 72530K, capacity 75586K, committed 75800K, reserved 1114112K
  class space    used 9571K, capacity 10176K, committed 10288K, reserved 1048576K
GC Heap History (10 events):
Event: 13.355 GC heap before
{Heap before GC invocations=15 (full 2):
 PSYoungGen      total 163840K, used 44703K [0x00000000e0000000, 0x00000000eb200000, 0x0000000100000000)
  eden space 148992K, 22% used [0x00000000e0000000,0x00000000e213eed8,0x00000000e9180000)
  from space 14848K, 71% used [0x00000000ea080000,0x00000000eaae9098,0x00000000eaf00000)
  to   space 15360K, 0% used [0x00000000e9180000,0x00000000e9180000,0x00000000ea080000)
 ParOldGen       total 83456K, used 29034K [0x00000000a0000000, 0x00000000a5180000, 0x00000000e0000000)
  object space 83456K, 34% used [0x00000000a0000000,0x00000000a1c5ab30,0x00000000a5180000)
 Metaspace       used 57269K, capacity 58988K, committed 59160K, reserved 1099776K
  class space    used 7802K, capacity 8213K, committed 8240K, reserved 1048576K
Event: 13.366 GC heap after
Heap after GC invocations=15 (full 2):
 PSYoungGen      total 164352K, used 2285K [0x00000000e0000000, 0x00000000ed800000, 0x0000000100000000)
  eden space 148992K, 0% used [0x00000000e0000000,0x00000000e0000000,0x00000000e9180000)
  from space 15360K, 14% used [0x00000000e9180000,0x00000000e93bb438,0x00000000ea080000)
  to   space 15872K, 0% used [0x00000000ec880000,0x00000000ec880000,0x00000000ed800000)
 ParOldGen       total 83456K, used 36088K [0x00000000a0000000, 0x00000000a5180000, 0x00000000e0000000)
  object space 83456K, 43% used [0x00000000a0000000,0x00000000a233e0d0,0x00000000a5180000)
 Metaspace       used 57269K, capacity 58988K, committed 59160K, reserved 1099776K
  class space    used 7802K, capacity 8213K, committed 8240K, reserved 1048576K
}
Event: 13.366 GC heap before
{Heap before GC invocations=16 (full 3):
 PSYoungGen      total 164352K, used 2285K [0x00000000e0000000, 0x00000000ed800000, 0x0000000100000000)
  eden space 148992K, 0% used [0x00000000e0000000,0x00000000e0000000,0x00000000e9180000)
  from space 15360K, 14% used [0x00000000e9180000,0x00000000e93bb438,0x00000000ea080000)
  to   space 15872K, 0% used [0x00000000ec880000,0x00000000ec880000,0x00000000ed800000)
 ParOldGen       total 83456K, used 36088K [0x00000000a0000000, 0x00000000a5180000, 0x00000000e0000000)
  object space 83456K, 43% used [0x00000000a0000000,0x00000000a233e0d0,0x00000000a5180000)
 Metaspace       used 57269K, capacity 58988K, committed 59160K, reserved 1099776K
  class space    used 7802K, capacity 8213K, committed 8240K, reserved 1048576K
Event: 13.595 GC heap after
Heap after GC invocations=16 (full 3):
 PSYoungGen      total 164352K, used 0K [0x00000000e0000000, 0x00000000ed800000, 0x0000000100000000)
  eden space 148992K, 0% used [0x00000000e0000000,0x00000000e0000000,0x00000000e9180000)
  from space 15360K, 0% used [0x00000000e9180000,0x00000000e9180000,0x00000000ea080000)
  to   space 15872K, 0% used [0x00000000ec880000,0x00000000ec880000,0x00000000ed800000)
 ParOldGen       total 83456K, used 34206K [0x00000000a0000000, 0x00000000a5180000, 0x00000000e0000000)
  object space 83456K, 40% used [0x00000000a0000000,0x00000000a21679a0,0x00000000a5180000)
 Metaspace       used 57247K, capacity 58932K, committed 59160K, reserved 1099776K
  class space    used 7794K, capacity 8199K, committed 8240K, reserved 1048576K
}
Event: 15.347 GC heap before
{Heap before GC invocations=17 (full 3):
 PSYoungGen      total 164352K, used 148992K [0x00000000e0000000, 0x00000000ed800000, 0x0000000100000000)
  eden space 148992K, 100% used [0x00000000e0000000,0x00000000e9180000,0x00000000e9180000)
  from space 15360K, 0% used [0x00000000e9180000,0x00000000e9180000,0x00000000ea080000)
  to   space 15872K, 0% used [0x00000000ec880000,0x00000000ec880000,0x00000000ed800000)
 ParOldGen       total 83456K, used 34206K [0x00000000a0000000, 0x00000000a5180000, 0x00000000e0000000)
  object space 83456K, 40% used [0x00000000a0000000,0x00000000a21679a0,0x00000000a5180000)
 Metaspace       used 65071K, capacity 67492K, committed 67736K, reserved 1107968K
  class space    used 8745K, capacity 9273K, committed 9392K, reserved 1048576K
Event: 15.366 GC heap after
Heap after GC invocations=17 (full 3):
 PSYoungGen      total 193536K, used 9496K [0x00000000e0000000, 0x00000000ed200000, 0x0000000100000000)
  eden space 183808K, 0% used [0x00000000e0000000,0x00000000e0000000,0x00000000eb380000)
  from space 9728K, 97% used [0x00000000ec880000,0x00000000ed1c60f0,0x00000000ed200000)
  to   space 15360K, 0% used [0x00000000eb400000,0x00000000eb400000,0x00000000ec300000)
 ParOldGen       total 83456K, used 34214K [0x00000000a0000000, 0x00000000a5180000, 0x00000000e0000000)
  object space 83456K, 40% used [0x00000000a0000000,0x00000000a21699a0,0x00000000a5180000)
 Metaspace       used 65071K, capacity 67492K, committed 67736K, reserved 1107968K
  class space    used 8745K, capacity 9273K, committed 9392K, reserved 1048576K
}
Event: 19.142 GC heap before
{Heap before GC invocations=18 (full 3):
 PSYoungGen      total 193536K, used 193304K [0x00000000e0000000, 0x00000000ed200000, 0x0000000100000000)
  eden space 183808K, 100% used [0x00000000e0000000,0x00000000eb380000,0x00000000eb380000)
  from space 9728K, 97% used [0x00000000ec880000,0x00000000ed1c60f0,0x00000000ed200000)
  to   space 15360K, 0% used [0x00000000eb400000,0x00000000eb400000,0x00000000ec300000)
 ParOldGen       total 83456K, used 34214K [0x00000000a0000000, 0x00000000a5180000, 0x00000000e0000000)
  object space 83456K, 40% used [0x00000000a0000000,0x00000000a21699a0,0x00000000a5180000)
 Metaspace       used 66738K, capacity 69328K, committed 69400K, reserved 1110016K
  class space    used 8916K, capacity 9463K, committed 9520K, reserved 1048576K
Event: 19.150 GC heap after
Heap after GC invocations=18 (full 3):
 PSYoungGen      total 199168K, used 7470K [0x00000000e0000000, 0x00000000ed200000, 0x0000000100000000)
  eden space 183808K, 0% used [0x00000000e0000000,0x00000000e0000000,0x00000000eb380000)
  from space 15360K, 48% used [0x00000000eb400000,0x00000000ebb4ba58,0x00000000ec300000)
  to   space 9728K, 0% used [0x00000000ec880000,0x00000000ec880000,0x00000000ed200000)
 ParOldGen       total 83456K, used 34222K [0x00000000a0000000, 0x00000000a5180000, 0x00000000e0000000)
  object space 83456K, 41% used [0x00000000a0000000,0x00000000a216b9a0,0x00000000a5180000)
 Metaspace       used 66738K, capacity 69328K, committed 69400K, reserved 1110016K
  class space    used 8916K, capacity 9463K, committed 9520K, reserved 1048576K
}
Event: 25.583 GC heap before
{Heap before GC invocations=19 (full 3):
 PSYoungGen      total 199168K, used 190703K [0x00000000e0000000, 0x00000000ed200000, 0x0000000100000000)
  eden space 183808K, 99% used [0x00000000e0000000,0x00000000eb2f0300,0x00000000eb380000)
  from space 15360K, 48% used [0x00000000eb400000,0x00000000ebb4ba58,0x00000000ec300000)
  to   space 9728K, 0% used [0x00000000ec880000,0x00000000ec880000,0x00000000ed200000)
 ParOldGen       total 83456K, used 34222K [0x00000000a0000000, 0x00000000a5180000, 0x00000000e0000000)
  object space 83456K, 41% used [0x00000000a0000000,0x00000000a216b9a0,0x00000000a5180000)
 Metaspace       used 68384K, capacity 71166K, committed 71448K, reserved 1112064K
  class space    used 9154K, capacity 9726K, committed 9776K, reserved 1048576K
Event: 25.590 GC heap after
Heap after GC invocations=19 (full 3):
 PSYoungGen      total 200704K, used 6514K [0x00000000e0000000, 0x00000000eed80000, 0x0000000100000000)
  eden space 190976K, 0% used [0x00000000e0000000,0x00000000e0000000,0x00000000eba80000)
  from space 9728K, 66% used [0x00000000ec880000,0x00000000ecedc850,0x00000000ed200000)
  to   space 14336K, 0% used [0x00000000eba80000,0x00000000eba80000,0x00000000ec880000)
 ParOldGen       total 83456K, used 34230K [0x00000000a0000000, 0x00000000a5180000, 0x00000000e0000000)
  object space 83456K, 41% used [0x00000000a0000000,0x00000000a216d9a0,0x00000000a5180000)
 Metaspace       used 68384K, capacity 71166K, committed 71448K, reserved 1112064K
  class space    used 9154K, capacity 9726K, committed 9776K, reserved 1048576K
}

