# JRE version: OpenJDK Runtime Environment (8.0_152-b06) (build 1.8.0_152-release-1136-b06)
# Java VM: OpenJDK 64-Bit Server VM (25.152-b06 mixed mode windows-amd64 compressed oops)
Heap:
 PSYoungGen      total 182272K, used 56165K [0x00000000e0000000, 0x00000000ef080000, 0x0000000100000000)
  eden space 166912K, 24% used [0x00000000e0000000,0x00000000e27ddb18,0x00000000ea300000)
  from space 15360K, 99% used [0x00000000ee180000,0x00000000ef07bac0,0x00000000ef080000)
  to   space 15872K, 0% used [0x00000000ea300000,0x00000000ea300000,0x00000000eb280000)
 ParOldGen       total 88576K, used 33874K [0x00000000a0000000, 0x00000000a5680000, 0x00000000e0000000)
  object space 88576K, 38% used [0x00000000a0000000,0x00000000a2114a08,0x00000000a5680000)
 Metaspace       used 74637K, capacity 77558K, committed 77848K, reserved 1116160K
  class space    used 9871K, capacity 10476K, committed 10544K, reserved 1048576K
GC Heap History (10 events):
Event: 13.109 GC heap before
{Heap before GC invocations=15 (full 2):
 PSYoungGen      total 152576K, used 61407K [0x00000000e0000000, 0x00000000eb000000, 0x0000000100000000)
  eden space 137728K, 33% used [0x00000000e0000000,0x00000000e2d9be28,0x00000000e8680000)
  from space 14848K, 99% used [0x00000000e9700000,0x00000000ea55bf10,0x00000000ea580000)
  to   space 16896K, 0% used [0x00000000e8680000,0x00000000e8680000,0x00000000e9700000)
 ParOldGen       total 88576K, used 33019K [0x00000000a0000000, 0x00000000a5680000, 0x00000000e0000000)
  object space 88576K, 37% used [0x00000000a0000000,0x00000000a203ed48,0x00000000a5680000)
 Metaspace       used 57514K, capacity 59060K, committed 59160K, reserved 1099776K
  class space    used 7807K, capacity 8195K, committed 8240K, reserved 1048576K
Event: 13.118 GC heap after
Heap after GC invocations=15 (full 2):
 PSYoungGen      total 154624K, used 7836K [0x00000000e0000000, 0x00000000ec800000, 0x0000000100000000)
  eden space 137728K, 0% used [0x00000000e0000000,0x00000000e0000000,0x00000000e8680000)
  from space 16896K, 46% used [0x00000000e8680000,0x00000000e8e27390,0x00000000e9700000)
  to   space 15872K, 0% used [0x00000000eb880000,0x00000000eb880000,0x00000000ec800000)
 ParOldGen       total 88576K, used 33027K [0x00000000a0000000, 0x00000000a5680000, 0x00000000e0000000)
  object space 88576K, 37% used [0x00000000a0000000,0x00000000a2040d48,0x00000000a5680000)
 Metaspace       used 57514K, capacity 59060K, committed 59160K, reserved 1099776K
  class space    used 7807K, capacity 8195K, committed 8240K, reserved 1048576K
}
Event: 13.118 GC heap before
{Heap before GC invocations=16 (full 3):
 PSYoungGen      total 154624K, used 7836K [0x00000000e0000000, 0x00000000ec800000, 0x0000000100000000)
  eden space 137728K, 0% used [0x00000000e0000000,0x00000000e0000000,0x00000000e8680000)
  from space 16896K, 46% used [0x00000000e8680000,0x00000000e8e27390,0x00000000e9700000)
  to   space 15872K, 0% used [0x00000000eb880000,0x00000000eb880000,0x00000000ec800000)
 ParOldGen       total 88576K, used 33027K [0x00000000a0000000, 0x00000000a5680000, 0x00000000e0000000)
  object space 88576K, 37% used [0x00000000a0000000,0x00000000a2040d48,0x00000000a5680000)
 Metaspace       used 57514K, capacity 59060K, committed 59160K, reserved 1099776K
  class space    used 7807K, capacity 8195K, committed 8240K, reserved 1048576K
Event: 13.308 GC heap after
Heap after GC invocations=16 (full 3):
 PSYoungGen      total 154624K, used 0K [0x00000000e0000000, 0x00000000ec800000, 0x0000000100000000)
  eden space 137728K, 0% used [0x00000000e0000000,0x00000000e0000000,0x00000000e8680000)
  from space 16896K, 0% used [0x00000000e8680000,0x00000000e8680000,0x00000000e9700000)
  to   space 15872K, 0% used [0x00000000eb880000,0x00000000eb880000,0x00000000ec800000)
 ParOldGen       total 88576K, used 32538K [0x00000000a0000000, 0x00000000a5680000, 0x00000000e0000000)
  object space 88576K, 36% used [0x00000000a0000000,0x00000000a1fc6a60,0x00000000a5680000)
 Metaspace       used 57514K, capacity 59060K, committed 59160K, reserved 1099776K
  class space    used 7807K, capacity 8195K, committed 8240K, reserved 1048576K
}
Event: 20.516 GC heap before
{Heap before GC invocations=17 (full 3):
 PSYoungGen      total 154624K, used 137728K [0x00000000e0000000, 0x00000000ec800000, 0x0000000100000000)
  eden space 137728K, 100% used [0x00000000e0000000,0x00000000e8680000,0x00000000e8680000)
  from space 16896K, 0% used [0x00000000e8680000,0x00000000e8680000,0x00000000e9700000)
  to   space 15872K, 0% used [0x00000000eb880000,0x00000000eb880000,0x00000000ec800000)
 ParOldGen       total 88576K, used 32538K [0x00000000a0000000, 0x00000000a5680000, 0x00000000e0000000)
  object space 88576K, 36% used [0x00000000a0000000,0x00000000a1fc6a60,0x00000000a5680000)
 Metaspace       used 65401K, capacity 67290K, committed 67608K, reserved 1107968K
  class space    used 8704K, capacity 9144K, committed 9264K, reserved 1048576K
Event: 20.528 GC heap after
Heap after GC invocations=17 (full 3):
 PSYoungGen      total 174592K, used 9503K [0x00000000e0000000, 0x00000000ec200000, 0x0000000100000000)
  eden space 164864K, 0% used [0x00000000e0000000,0x00000000e0000000,0x00000000ea100000)
  from space 9728K, 97% used [0x00000000eb880000,0x00000000ec1c7e98,0x00000000ec200000)
  to   space 15872K, 0% used [0x00000000ea300000,0x00000000ea300000,0x00000000eb280000)
 ParOldGen       total 88576K, used 32546K [0x00000000a0000000, 0x00000000a5680000, 0x00000000e0000000)
  object space 88576K, 36% used [0x00000000a0000000,0x00000000a1fc8a60,0x00000000a5680000)
 Metaspace       used 65401K, capacity 67290K, committed 67608K, reserved 1107968K
  class space    used 8704K, capacity 9144K, committed 9264K, reserved 1048576K
}
Event: 20.642 GC heap before
{Heap before GC invocations=18 (full 3):
 PSYoungGen      total 174592K, used 173383K [0x00000000e0000000, 0x00000000ec200000, 0x0000000100000000)
  eden space 164864K, 99% used [0x00000000e0000000,0x00000000ea00a108,0x00000000ea100000)
  from space 9728K, 97% used [0x00000000eb880000,0x00000000ec1c7e98,0x00000000ec200000)
  to   space 15872K, 0% used [0x00000000ea300000,0x00000000ea300000,0x00000000eb280000)
 ParOldGen       total 88576K, used 32546K [0x00000000a0000000, 0x00000000a5680000, 0x00000000e0000000)
  object space 88576K, 36% used [0x00000000a0000000,0x00000000a1fc8a60,0x00000000a5680000)
 Metaspace       used 65657K, capacity 67482K, committed 67608K, reserved 1107968K
  class space    used 8745K, capacity 9158K, committed 9264K, reserved 1048576K
Event: 20.649 GC heap after
Heap after GC invocations=18 (full 3):
 PSYoungGen      total 182784K, used 7757K [0x00000000e0000000, 0x00000000ef080000, 0x0000000100000000)
  eden space 166912K, 0% used [0x00000000e0000000,0x00000000e0000000,0x00000000ea300000)
  from space 15872K, 48% used [0x00000000ea300000,0x00000000eaa93770,0x00000000eb280000)
  to   space 15360K, 0% used [0x00000000ee180000,0x00000000ee180000,0x00000000ef080000)
 ParOldGen       total 88576K, used 32554K [0x00000000a0000000, 0x00000000a5680000, 0x00000000e0000000)
  object space 88576K, 36% used [0x00000000a0000000,0x00000000a1fcaa60,0x00000000a5680000)
 Metaspace       used 65657K, capacity 67482K, committed 67608K, reserved 1107968K
  class space    used 8745K, capacity 9158K, committed 9264K, reserved 1048576K
}
Event: 24.517 GC heap before
{Heap before GC invocations=19 (full 3):
 PSYoungGen      total 182784K, used 174669K [0x00000000e0000000, 0x00000000ef080000, 0x0000000100000000)
  eden space 166912K, 100% used [0x00000000e0000000,0x00000000ea300000,0x00000000ea300000)
  from space 15872K, 48% used [0x00000000ea300000,0x00000000eaa93770,0x00000000eb280000)
  to   space 15360K, 0% used [0x00000000ee180000,0x00000000ee180000,0x00000000ef080000)
 ParOldGen       total 88576K, used 32554K [0x00000000a0000000, 0x00000000a5680000, 0x00000000e0000000)
  object space 88576K, 36% used [0x00000000a0000000,0x00000000a1fcaa60,0x00000000a5680000)
 Metaspace       used 73885K, capacity 76770K, committed 77080K, reserved 1116160K
  class space    used 9815K, capacity 10436K, committed 10544K, reserved 1048576K
Event: 24.541 GC heap after
Heap after GC invocations=19 (full 3):
 PSYoungGen      total 182272K, used 15342K [0x00000000e0000000, 0x00000000ef080000, 0x0000000100000000)
  eden space 166912K, 0% used [0x00000000e0000000,0x00000000e0000000,0x00000000ea300000)
  from space 15360K, 99% used [0x00000000ee180000,0x00000000ef07bac0,0x00000000ef080000)
  to   space 15872K, 0% used [0x00000000ea300000,0x00000000ea300000,0x00000000eb280000)
 ParOldGen       total 88576K, used 33874K [0x00000000a0000000, 0x00000000a5680000, 0x00000000e0000000)
  object space 88576K, 38% used [0x00000000a0000000,0x00000000a2114a08,0x00000000a5680000)
 Metaspace       used 73885K, capacity 76770K, committed 77080K, reserved 1116160K
  class space    used 9815K, capacity 10436K, committed 10544K, reserved 1048576K
}

