# JRE version: OpenJDK Runtime Environment (8.0_152-b06) (build 1.8.0_152-release-1136-b06)
# Java VM: OpenJDK 64-Bit Server VM (25.152-b06 mixed mode windows-amd64 compressed oops)
Heap:
 PSYoungGen      total 261632K, used 144781K [0x00000000e0000000, 0x00000000f2f80000, 0x0000000100000000)
  eden space 216576K, 66% used [0x00000000e0000000,0x00000000e8d634f8,0x00000000ed380000)
  from space 45056K, 0% used [0x00000000f0380000,0x00000000f0380000,0x00000000f2f80000)
  to   space 47104K, 0% used [0x00000000ed380000,0x00000000ed380000,0x00000000f0180000)
 ParOldGen       total 188928K, used 56744K [0x00000000a0000000, 0x00000000ab880000, 0x00000000e0000000)
  object space 188928K, 30% used [0x00000000a0000000,0x00000000a376a068,0x00000000ab880000)
 Metaspace       used 91342K, capacity 95282K, committed 96256K, reserved 1132544K
  class space    used 11516K, capacity 12371K, committed 12544K, reserved 1048576K
GC Heap History (10 events):
Event: 2654.291 GC heap before
{Heap before GC invocations=30 (full 3):
 PSYoungGen      total 179712K, used 170094K [0x00000000e0000000, 0x00000000ef100000, 0x0000000100000000)
  eden space 134144K, 99% used [0x00000000e0000000,0x00000000e8238b50,0x00000000e8300000)
  from space 45568K, 80% used [0x00000000eb380000,0x00000000ed762e20,0x00000000ee000000)
  to   space 49664K, 0% used [0x00000000e8300000,0x00000000e8300000,0x00000000eb380000)
 ParOldGen       total 145920K, used 97544K [0x00000000a0000000, 0x00000000a8e80000, 0x00000000e0000000)
  object space 145920K, 66% used [0x00000000a0000000,0x00000000a5f42228,0x00000000a8e80000)
 Metaspace       used 90089K, capacity 94340K, committed 94592K, reserved 1132544K
  class space    used 11425K, capacity 12308K, committed 12416K, reserved 1048576K
Event: 2654.342 GC heap after
Heap after GC invocations=30 (full 3):
 PSYoungGen      total 183808K, used 29757K [0x00000000e0000000, 0x00000000f0780000, 0x0000000100000000)
  eden space 134144K, 0% used [0x00000000e0000000,0x00000000e0000000,0x00000000e8300000)
  from space 49664K, 59% used [0x00000000e8300000,0x00000000ea00f450,0x00000000eb380000)
  to   space 50176K, 0% used [0x00000000ed680000,0x00000000ed680000,0x00000000f0780000)
 ParOldGen       total 145920K, used 101347K [0x00000000a0000000, 0x00000000a8e80000, 0x00000000e0000000)
  object space 145920K, 69% used [0x00000000a0000000,0x00000000a62f8ed8,0x00000000a8e80000)
 Metaspace       used 90089K, capacity 94340K, committed 94592K, reserved 1132544K
  class space    used 11425K, capacity 12308K, committed 12416K, reserved 1048576K
}
Event: 2654.364 GC heap before
{Heap before GC invocations=31 (full 3):
 PSYoungGen      total 183808K, used 163519K [0x00000000e0000000, 0x00000000f0780000, 0x0000000100000000)
  eden space 134144K, 99% used [0x00000000e0000000,0x00000000e82a0878,0x00000000e8300000)
  from space 49664K, 59% used [0x00000000e8300000,0x00000000ea00f450,0x00000000eb380000)
  to   space 50176K, 0% used [0x00000000ed680000,0x00000000ed680000,0x00000000f0780000)
 ParOldGen       total 145920K, used 101347K [0x00000000a0000000, 0x00000000a8e80000, 0x00000000e0000000)
  object space 145920K, 69% used [0x00000000a0000000,0x00000000a62f8ed8,0x00000000a8e80000)
 Metaspace       used 90093K, capacity 94340K, committed 94592K, reserved 1132544K
  class space    used 11425K, capacity 12308K, committed 12416K, reserved 1048576K
Event: 2654.429 GC heap after
Heap after GC invocations=31 (full 3):
 PSYoungGen      total 218624K, used 22584K [0x00000000e0000000, 0x00000000f0480000, 0x0000000100000000)
  eden space 171520K, 0% used [0x00000000e0000000,0x00000000e0000000,0x00000000ea780000)
  from space 47104K, 47% used [0x00000000ed680000,0x00000000eec8e0f8,0x00000000f0480000)
  to   space 47616K, 0% used [0x00000000ea780000,0x00000000ea780000,0x00000000ed600000)
 ParOldGen       total 145920K, used 108369K [0x00000000a0000000, 0x00000000a8e80000, 0x00000000e0000000)
  object space 145920K, 74% used [0x00000000a0000000,0x00000000a69d46a8,0x00000000a8e80000)
 Metaspace       used 90093K, capacity 94340K, committed 94592K, reserved 1132544K
  class space    used 11425K, capacity 12308K, committed 12416K, reserved 1048576K
}
Event: 2670.169 GC heap before
{Heap before GC invocations=32 (full 3):
 PSYoungGen      total 218624K, used 194104K [0x00000000e0000000, 0x00000000f0480000, 0x0000000100000000)
  eden space 171520K, 100% used [0x00000000e0000000,0x00000000ea780000,0x00000000ea780000)
  from space 47104K, 47% used [0x00000000ed680000,0x00000000eec8e0f8,0x00000000f0480000)
  to   space 47616K, 0% used [0x00000000ea780000,0x00000000ea780000,0x00000000ed600000)
 ParOldGen       total 145920K, used 108369K [0x00000000a0000000, 0x00000000a8e80000, 0x00000000e0000000)
  object space 145920K, 74% used [0x00000000a0000000,0x00000000a69d46a8,0x00000000a8e80000)
 Metaspace       used 90838K, capacity 95288K, committed 95488K, reserved 1132544K
  class space    used 11541K, capacity 12444K, committed 12544K, reserved 1048576K
Event: 2670.200 GC heap after
Heap after GC invocations=32 (full 3):
 PSYoungGen      total 219136K, used 8122K [0x00000000e0000000, 0x00000000f3200000, 0x0000000100000000)
  eden space 171520K, 0% used [0x00000000e0000000,0x00000000e0000000,0x00000000ea780000)
  from space 47616K, 17% used [0x00000000ea780000,0x00000000eaf6e960,0x00000000ed600000)
  to   space 47616K, 0% used [0x00000000f0380000,0x00000000f0380000,0x00000000f3200000)
 ParOldGen       total 145920K, used 125089K [0x00000000a0000000, 0x00000000a8e80000, 0x00000000e0000000)
  object space 145920K, 85% used [0x00000000a0000000,0x00000000a7a28628,0x00000000a8e80000)
 Metaspace       used 90838K, capacity 95288K, committed 95488K, reserved 1132544K
  class space    used 11541K, capacity 12444K, committed 12544K, reserved 1048576K
}
Event: 2675.205 GC heap before
{Heap before GC invocations=33 (full 3):
 PSYoungGen      total 219136K, used 179006K [0x00000000e0000000, 0x00000000f3200000, 0x0000000100000000)
  eden space 171520K, 99% used [0x00000000e0000000,0x00000000ea6e0f18,0x00000000ea780000)
  from space 47616K, 17% used [0x00000000ea780000,0x00000000eaf6e960,0x00000000ed600000)
  to   space 47616K, 0% used [0x00000000f0380000,0x00000000f0380000,0x00000000f3200000)
 ParOldGen       total 145920K, used 125089K [0x00000000a0000000, 0x00000000a8e80000, 0x00000000e0000000)
  object space 145920K, 85% used [0x00000000a0000000,0x00000000a7a28628,0x00000000a8e80000)
 Metaspace       used 90915K, capacity 95312K, committed 95488K, reserved 1132544K
  class space    used 11544K, capacity 12448K, committed 12544K, reserved 1048576K
Event: 2675.215 GC heap after
Heap after GC invocations=33 (full 3):
 PSYoungGen      total 261632K, used 4931K [0x00000000e0000000, 0x00000000f2f80000, 0x0000000100000000)
  eden space 216576K, 0% used [0x00000000e0000000,0x00000000e0000000,0x00000000ed380000)
  from space 45056K, 10% used [0x00000000f0380000,0x00000000f0850d90,0x00000000f2f80000)
  to   space 47104K, 0% used [0x00000000ed380000,0x00000000ed380000,0x00000000f0180000)
 ParOldGen       total 145920K, used 129297K [0x00000000a0000000, 0x00000000a8e80000, 0x00000000e0000000)
  object space 145920K, 88% used [0x00000000a0000000,0x00000000a7e44690,0x00000000a8e80000)
 Metaspace       used 90915K, capacity 95312K, committed 95488K, reserved 1132544K
  class space    used 11544K, capacity 12448K, committed 12544K, reserved 1048576K
}
Event: 2675.215 GC heap before
{Heap before GC invocations=34 (full 4):
 PSYoungGen      total 261632K, used 4931K [0x00000000e0000000, 0x00000000f2f80000, 0x0000000100000000)
  eden space 216576K, 0% used [0x00000000e0000000,0x00000000e0000000,0x00000000ed380000)
  from space 45056K, 10% used [0x00000000f0380000,0x00000000f0850d90,0x00000000f2f80000)
  to   space 47104K, 0% used [0x00000000ed380000,0x00000000ed380000,0x00000000f0180000)
 ParOldGen       total 145920K, used 129297K [0x00000000a0000000, 0x00000000a8e80000, 0x00000000e0000000)
  object space 145920K, 88% used [0x00000000a0000000,0x00000000a7e44690,0x00000000a8e80000)
 Metaspace       used 90915K, capacity 95312K, committed 95488K, reserved 1132544K
  class space    used 11544K, capacity 12448K, committed 12544K, reserved 1048576K
Event: 2675.446 GC heap after
Heap after GC invocations=34 (full 4):
 PSYoungGen      total 261632K, used 0K [0x00000000e0000000, 0x00000000f2f80000, 0x0000000100000000)
  eden space 216576K, 0% used [0x00000000e0000000,0x00000000e0000000,0x00000000ed380000)
  from space 45056K, 0% used [0x00000000f0380000,0x00000000f0380000,0x00000000f2f80000)
  to   space 47104K, 0% used [0x00000000ed380000,0x00000000ed380000,0x00000000f0180000)
 ParOldGen       total 188928K, used 56744K [0x00000000a0000000, 0x00000000ab880000, 0x00000000e0000000)
  object space 188928K, 30% used [0x00000000a0000000,0x00000000a376a068,0x00000000ab880000)
 Metaspace       used 90510K, capacity 94396K, committed 95488K, reserved 1132544K
  class space    used 11436K, capacity 12260K, committed 12544K, reserved 1048576K
}

